app/build/intermediates/manifest_merge_blame_file/debug/manifest-merger-blame-debug-report.txt
1<?xml version="1.0" encoding="utf-8"?>
2<manifest xmlns:android="http://schemas.android.com/apk/res/android"
3    package="com.example.legotrip"
4    android:versionCode="1"
5    android:versionName="1.0" >
6
7    <uses-sdk
8        android:minSdkVersion="14"
8-->src\main\AndroidManifest.xml
9        android:targetSdkVersion="29" />
9-->src\main\AndroidManifest.xml
10
11    <application
11-->src\main\AndroidManifest.xml:5:5-30:19
12        android:allowBackup="true"
12-->src\main\AndroidManifest.xml:6:9-35
13        android:appComponentFactory="androidx.core.app.CoreComponentFactory"
13-->[androidx.core:core:1.0.1] AndroidManifest.xml:22:18-86
14        android:debuggable="true"
15        android:icon="@mipmap/ic_launcher"
15-->src\main\AndroidManifest.xml:7:9-43
16        android:label="@string/app_name"
16-->src\main\AndroidManifest.xml:8:9-41
17        android:roundIcon="@mipmap/ic_launcher_round"
17-->src\main\AndroidManifest.xml:9:9-54
18        android:supportsRtl="true"
18-->src\main\AndroidManifest.xml:10:9-35
19        android:testOnly="true"
20        android:theme="@style/AppTheme" >
20-->src\main\AndroidManifest.xml:11:9-40
21        <activity android:name="com.example.legotrip.HomeInfoAddActivity" />
21-->src\main\AndroidManifest.xml:12:9-66
21-->src\main\AndroidManifest.xml:12:19-54
22        <activity android:name="com.example.legotrip.EditUserActivity" />
22-->src\main\AndroidManifest.xml:13:9-54
22-->src\main\AndroidManifest.xml:13:19-51
23        <activity android:name="com.example.legotrip.HomeRegistActivity" />
23-->src\main\AndroidManifest.xml:14:9-56
23-->src\main\AndroidManifest.xml:14:19-53
24        <activity android:name="com.example.legotrip.HomeActivity" />
24-->src\main\AndroidManifest.xml:15:9-50
24-->src\main\AndroidManifest.xml:15:19-47
25        <activity android:name="com.example.legotrip.SplashActivity" >
25-->src\main\AndroidManifest.xml:16:9-22:20
25-->src\main\AndroidManifest.xml:16:19-49
26            <intent-filter>
26-->src\main\AndroidManifest.xml:17:13-21:29
27                <action android:name="android.intent.action.MAIN" />
27-->src\main\AndroidManifest.xml:18:17-69
27-->src\main\AndroidManifest.xml:18:25-66
28
29                <category android:name="android.intent.category.LAUNCHER" />
29-->src\main\AndroidManifest.xml:20:17-77
29-->src\main\AndroidManifest.xml:20:27-74
30            </intent-filter>
31        </activity>
32        <activity android:name="com.example.legotrip.LoginActivity" />
32-->src\main\AndroidManifest.xml:23:9-51
32-->src\main\AndroidManifest.xml:23:19-48
33        <activity android:name="com.example.legotrip.MainActivity" />
33-->src\main\AndroidManifest.xml:24:9-50
33-->src\main\AndroidManifest.xml:24:19-47
34        <activity android:name="com.example.legotrip.SignupActivity" />
34-->src\main\AndroidManifest.xml:25:9-52
34-->src\main\AndroidManifest.xml:25:19-49
35        <activity android:name="com.example.legotrip.Diary2Activity" />
35-->src\main\AndroidManifest.xml:26:9-52
35-->src\main\AndroidManifest.xml:26:19-49
36        <activity android:name="com.example.legotrip.Diary1Activity" />
36-->src\main\AndroidManifest.xml:27:9-52
36-->src\main\AndroidManifest.xml:27:19-49
37        <activity android:name="com.example.legotrip.Diary3Activity" />
37-->src\main\AndroidManifest.xml:28:9-52
37-->src\main\AndroidManifest.xml:28:19-49
38        <activity android:name="com.example.legotrip.Plan1Activity" />
38-->src\main\AndroidManifest.xml:29:9-51
38-->src\main\AndroidManifest.xml:29:19-48
39
40        <provider
40-->[androidx.lifecycle:lifecycle-process:2.0.0] AndroidManifest.xml:23:9-27:43
41            android:name="androidx.lifecycle.ProcessLifecycleOwnerInitializer"
41-->[androidx.lifecycle:lifecycle-process:2.0.0] AndroidManifest.xml:24:13-79
42            android:authorities="com.example.legotrip.lifecycle-process"
42-->[androidx.lifecycle:lifecycle-process:2.0.0] AndroidManifest.xml:25:13-69
43            android:exported="false"
43-->[androidx.lifecycle:lifecycle-process:2.0.0] AndroidManifest.xml:26:13-37
44            android:multiprocess="true" />
44-->[androidx.lifecycle:lifecycle-process:2.0.0] AndroidManifest.xml:27:13-40
45    </application>
46
47</manifest>